<?xml version="1.0" encoding="UTF-8"?>
<testng-results skipped="0" failed="0" ignored="0" total="1" passed="1">
  <reporter-output>
  </reporter-output>
  <suite name="Default suite" duration-ms="52493" started-at="2019-02-01T06:32:06Z" finished-at="2019-02-01T06:32:59Z">
    <groups>
    </groups>
    <test name="Default test" duration-ms="52493" started-at="2019-02-01T06:32:06Z" finished-at="2019-02-01T06:32:59Z">
      <class name="com.handling.SeleniumGrid.LoginTest">
        <test-method status="PASS" signature="setUP()[pri:0, instance:com.handling.SeleniumGrid.LoginTest@7a9273a8]" name="setUP" is-config="true" duration-ms="25976" started-at="2019-02-01T06:32:06Z" finished-at="2019-02-01T06:32:32Z">
          <reporter-output>
          </reporter-output>
        </test-method> <!-- setUP -->
        <test-method status="PASS" signature="loginTest()[pri:0, instance:com.handling.SeleniumGrid.LoginTest@7a9273a8]" name="loginTest" duration-ms="21937" started-at="2019-02-01T06:32:32Z" finished-at="2019-02-01T06:32:54Z">
          <reporter-output>
          </reporter-output>
        </test-method> <!-- loginTest -->
        <test-method status="PASS" signature="tearDown()[pri:0, instance:com.handling.SeleniumGrid.LoginTest@7a9273a8]" name="tearDown" is-config="true" duration-ms="4534" started-at="2019-02-01T06:32:54Z" finished-at="2019-02-01T06:32:59Z">
          <reporter-output>
          </reporter-output>
        </test-method> <!-- tearDown -->
      </class> <!-- com.handling.SeleniumGrid.LoginTest -->
    </test> <!-- Default test -->
  </suite> <!-- Default suite -->
</testng-results>
