<?xml version="1.0" encoding="UTF-8"?>
<!-- Generated by org.testng.reporters.JUnitXMLReporter -->
<testsuite hostname="DESKTOP-3SUJPVT" ignored="0" name="Batch Testing" tests="3" failures="0" timestamp="31 Jan 2019 14:15:21 GMT" time="115.779" errors="0">
  <testcase name="logoTest" time="39.628" classname="com.handling.BatchTesting.verifyLogoTest"/>
  <testcase name="titleTest" time="35.083" classname="com.handling.BatchTesting.VerifyTitleTest"/>
  <testcase name="loginTest" time="40.998" classname="com.handling.BatchTesting.VerifyLoginTest"/>
</testsuite> <!-- Batch Testing -->
