<?xml version="1.0" encoding="UTF-8"?>
<!-- Generated by org.testng.reporters.JUnitXMLReporter -->
<testsuite hostname="DESKTOP-3SUJPVT" ignored="0" name="LoginTest" tests="2" failures="1" timestamp="31 Jan 2019 17:21:21 GMT" time="0.083" errors="0">
  <testcase name="loginByEmail" time="0.017" classname="com.handling.TestNG.Listeners.LoginTest"/>
  <testcase name="loginByFacebook" time="0.007" classname="com.handling.TestNG.Listeners.LoginTest">
    <failure type="java.lang.AssertionError" message="expected [shaik] but found [shaik123]">
      <![CDATA[java.lang.AssertionError: expected [shaik] but found [shaik123]
at com.handling.TestNG.Listeners.LoginTest.loginByFacebook(LoginTest.java:20)
... Removed 31 stack frames]]>
    </failure>
  </testcase> <!-- loginByFacebook -->
</testsuite> <!-- LoginTest -->
